2023-12-19T17:57:22.568+09:00  INFO 12260 --- [main] searchengine.Application                 : Starting Application using Java 17.0.9 with PID 12260 (G:\проги\Разработка\Search\search-engine\target\classes started by Илья in G:\проги\Разработка\Search\search-engine)
2023-12-19T17:57:22.592+09:00  INFO 12260 --- [main] searchengine.Application                 : No active profile set, falling back to 1 default profile: "default"
2023-12-19T17:57:24.374+09:00  INFO 12260 --- [main] .s.d.r.c.RepositoryConfigurationDelegate : Bootstrapping Spring Data JPA repositories in DEFAULT mode.
2023-12-19T17:57:24.473+09:00  INFO 12260 --- [main] .s.d.r.c.RepositoryConfigurationDelegate : Finished Spring Data repository scanning in 94 ms. Found 4 JPA repository interfaces.
2023-12-19T17:57:25.455+09:00  INFO 12260 --- [main] o.s.b.w.embedded.tomcat.TomcatWebServer  : Tomcat initialized with port(s): 8080 (http)
2023-12-19T17:57:25.465+09:00  INFO 12260 --- [main] o.apache.catalina.core.StandardService   : Starting service [Tomcat]
2023-12-19T17:57:25.465+09:00  INFO 12260 --- [main] o.apache.catalina.core.StandardEngine    : Starting Servlet engine: [Apache Tomcat/10.1.8]
2023-12-19T17:57:25.600+09:00  INFO 12260 --- [main] o.a.c.c.C.[Tomcat].[localhost].[/]       : Initializing Spring embedded WebApplicationContext
2023-12-19T17:57:25.600+09:00  INFO 12260 --- [main] w.s.c.ServletWebServerApplicationContext : Root WebApplicationContext: initialization completed in 2916 ms
2023-12-19T17:57:25.975+09:00  INFO 12260 --- [main] o.hibernate.jpa.internal.util.LogHelper  : HHH000204: Processing PersistenceUnitInfo [name: default]
2023-12-19T17:57:26.041+09:00  INFO 12260 --- [main] org.hibernate.Version                    : HHH000412: Hibernate ORM core version 6.1.7.Final
2023-12-19T17:57:26.459+09:00  INFO 12260 --- [main] com.zaxxer.hikari.HikariDataSource       : HikariPool-1 - Starting...
2023-12-19T17:57:26.738+09:00  INFO 12260 --- [main] com.zaxxer.hikari.pool.HikariPool        : HikariPool-1 - Added connection com.mysql.cj.jdbc.ConnectionImpl@5db0003d
2023-12-19T17:57:26.740+09:00  INFO 12260 --- [main] com.zaxxer.hikari.HikariDataSource       : HikariPool-1 - Start completed.
2023-12-19T17:57:26.772+09:00  INFO 12260 --- [main] SQL dialect                              : HHH000400: Using dialect: org.hibernate.dialect.MySQL8Dialect
2023-12-19T17:57:26.773+09:00  WARN 12260 --- [main] org.hibernate.orm.deprecation            : HHH90000026: MySQL8Dialect has been deprecated; use org.hibernate.dialect.MySQLDialect instead
2023-12-19T17:57:27.729+09:00  INFO 12260 --- [main] o.h.e.t.j.p.i.JtaPlatformInitiator       : HHH000490: Using JtaPlatform implementation: [org.hibernate.engine.transaction.jta.platform.internal.NoJtaPlatform]
2023-12-19T17:57:27.737+09:00  INFO 12260 --- [main] j.LocalContainerEntityManagerFactoryBean : Initialized JPA EntityManagerFactory for persistence unit 'default'
2023-12-19T17:57:28.514+09:00  WARN 12260 --- [main] JpaBaseConfiguration$JpaWebConfiguration : spring.jpa.open-in-view is enabled by default. Therefore, database queries may be performed during view rendering. Explicitly configure spring.jpa.open-in-view to disable this warning
2023-12-19T17:57:28.794+09:00  INFO 12260 --- [main] o.s.b.a.w.s.WelcomePageHandlerMapping    : Adding welcome page template: index
2023-12-19T17:57:29.377+09:00  INFO 12260 --- [main] o.s.b.w.embedded.tomcat.TomcatWebServer  : Tomcat started on port(s): 8080 (http) with context path ''
2023-12-19T17:57:29.382+09:00  INFO 12260 --- [main] searchengine.Application                 : Started Application in 7.691 seconds (process running for 11.145)
2023-12-19T17:57:54.733+09:00  INFO 12260 --- [http-nio-8080-exec-1] o.a.c.c.C.[Tomcat].[localhost].[/]       : Initializing Spring DispatcherServlet 'dispatcherServlet'
2023-12-19T17:57:54.733+09:00  INFO 12260 --- [http-nio-8080-exec-1] o.s.web.servlet.DispatcherServlet        : Initializing Servlet 'dispatcherServlet'
2023-12-19T17:57:54.734+09:00  INFO 12260 --- [http-nio-8080-exec-1] o.s.web.servlet.DispatcherServlet        : Completed initialization in 1 ms
2023-12-19T17:58:58.580+09:00  INFO 12260 --- [http-nio-8080-exec-9] searchengine.Application                 : Начат поиск по ключевым словам белый шум
2023-12-19T18:37:16.777+09:00  INFO 12260 --- [SpringApplicationShutdownHook] j.LocalContainerEntityManagerFactoryBean : Closing JPA EntityManagerFactory for persistence unit 'default'
2023-12-19T18:37:16.779+09:00  INFO 12260 --- [SpringApplicationShutdownHook] com.zaxxer.hikari.HikariDataSource       : HikariPool-1 - Shutdown initiated...
2023-12-19T18:37:16.780+09:00  INFO 12260 --- [SpringApplicationShutdownHook] com.zaxxer.hikari.HikariDataSource       : HikariPool-1 - Shutdown completed.
2023-12-19T18:39:26.977+09:00  INFO 10644 --- [main] searchengine.Application                 : Starting Application using Java 17.0.9 with PID 10644 (G:\проги\Разработка\Search\search-engine\target\classes started by Илья in G:\проги\Разработка\Search\search-engine)
2023-12-19T18:39:26.978+09:00  INFO 10644 --- [main] searchengine.Application                 : No active profile set, falling back to 1 default profile: "default"
2023-12-19T18:39:27.480+09:00  INFO 10644 --- [main] .s.d.r.c.RepositoryConfigurationDelegate : Bootstrapping Spring Data JPA repositories in DEFAULT mode.
2023-12-19T18:39:27.566+09:00  INFO 10644 --- [main] .s.d.r.c.RepositoryConfigurationDelegate : Finished Spring Data repository scanning in 77 ms. Found 4 JPA repository interfaces.
2023-12-19T18:39:28.135+09:00  INFO 10644 --- [main] o.s.b.w.embedded.tomcat.TomcatWebServer  : Tomcat initialized with port(s): 8080 (http)
2023-12-19T18:39:28.143+09:00  INFO 10644 --- [main] o.apache.catalina.core.StandardService   : Starting service [Tomcat]
2023-12-19T18:39:28.143+09:00  INFO 10644 --- [main] o.apache.catalina.core.StandardEngine    : Starting Servlet engine: [Apache Tomcat/10.1.8]
2023-12-19T18:39:28.206+09:00  INFO 10644 --- [main] o.a.c.c.C.[Tomcat].[localhost].[/]       : Initializing Spring embedded WebApplicationContext
2023-12-19T18:39:28.207+09:00  INFO 10644 --- [main] w.s.c.ServletWebServerApplicationContext : Root WebApplicationContext: initialization completed in 1198 ms
2023-12-19T18:39:28.405+09:00  INFO 10644 --- [main] o.hibernate.jpa.internal.util.LogHelper  : HHH000204: Processing PersistenceUnitInfo [name: default]
2023-12-19T18:39:28.457+09:00  INFO 10644 --- [main] org.hibernate.Version                    : HHH000412: Hibernate ORM core version 6.1.7.Final
2023-12-19T18:39:28.608+09:00  INFO 10644 --- [main] com.zaxxer.hikari.HikariDataSource       : HikariPool-1 - Starting...
2023-12-19T18:39:28.708+09:00  INFO 10644 --- [main] com.zaxxer.hikari.pool.HikariPool        : HikariPool-1 - Added connection com.mysql.cj.jdbc.ConnectionImpl@3a2546d6
2023-12-19T18:39:28.711+09:00  INFO 10644 --- [main] com.zaxxer.hikari.HikariDataSource       : HikariPool-1 - Start completed.
2023-12-19T18:39:28.722+09:00  INFO 10644 --- [main] SQL dialect                              : HHH000400: Using dialect: org.hibernate.dialect.MySQL8Dialect
2023-12-19T18:39:28.723+09:00  WARN 10644 --- [main] org.hibernate.orm.deprecation            : HHH90000026: MySQL8Dialect has been deprecated; use org.hibernate.dialect.MySQLDialect instead
2023-12-19T18:39:29.374+09:00  INFO 10644 --- [main] o.h.e.t.j.p.i.JtaPlatformInitiator       : HHH000490: Using JtaPlatform implementation: [org.hibernate.engine.transaction.jta.platform.internal.NoJtaPlatform]
2023-12-19T18:39:29.379+09:00  INFO 10644 --- [main] j.LocalContainerEntityManagerFactoryBean : Initialized JPA EntityManagerFactory for persistence unit 'default'
2023-12-19T18:39:29.897+09:00  WARN 10644 --- [main] JpaBaseConfiguration$JpaWebConfiguration : spring.jpa.open-in-view is enabled by default. Therefore, database queries may be performed during view rendering. Explicitly configure spring.jpa.open-in-view to disable this warning
2023-12-19T18:39:30.066+09:00  INFO 10644 --- [main] o.s.b.a.w.s.WelcomePageHandlerMapping    : Adding welcome page template: index
2023-12-19T18:39:30.331+09:00  INFO 10644 --- [main] o.s.b.w.embedded.tomcat.TomcatWebServer  : Tomcat started on port(s): 8080 (http) with context path ''
2023-12-19T18:39:30.341+09:00  INFO 10644 --- [main] searchengine.Application                 : Started Application in 3.628 seconds (process running for 3.881)
2023-12-19T18:39:35.791+09:00  INFO 10644 --- [http-nio-8080-exec-1] o.a.c.c.C.[Tomcat].[localhost].[/]       : Initializing Spring DispatcherServlet 'dispatcherServlet'
2023-12-19T18:39:35.791+09:00  INFO 10644 --- [http-nio-8080-exec-1] o.s.web.servlet.DispatcherServlet        : Initializing Servlet 'dispatcherServlet'
2023-12-19T18:39:35.791+09:00  INFO 10644 --- [http-nio-8080-exec-1] o.s.web.servlet.DispatcherServlet        : Completed initialization in 0 ms
2023-12-19T18:39:39.895+09:00  INFO 10644 --- [http-nio-8080-exec-3] searchengine.Application                 : Начат поиск по ключевым словам белый шум
2023-12-19T18:56:24.202+09:00  INFO 10644 --- [SpringApplicationShutdownHook] j.LocalContainerEntityManagerFactoryBean : Closing JPA EntityManagerFactory for persistence unit 'default'
2023-12-19T18:56:24.204+09:00  INFO 10644 --- [SpringApplicationShutdownHook] com.zaxxer.hikari.HikariDataSource       : HikariPool-1 - Shutdown initiated...
2023-12-19T18:56:24.209+09:00  INFO 10644 --- [SpringApplicationShutdownHook] com.zaxxer.hikari.HikariDataSource       : HikariPool-1 - Shutdown completed.
